{"/Users/billie/Documents/Auguste/smallTalk_Client/client/script.js": {"path":"/Users/billie/Documents/Auguste/smallTalk_Client/client/script.js","statementMap":{"0":{"start":{"line":1,"column":20},"end":{"line":1,"column":58}},"1":{"start":{"line":2,"column":13},"end":{"line":2,"column":44}},"2":{"start":{"line":3,"column":23},"end":{"line":3,"column":58}},"3":{"start":{"line":4,"column":19},"end":{"line":4,"column":56}},"4":{"start":{"line":5,"column":18},"end":{"line":5,"column":50}},"5":{"start":{"line":6,"column":18},"end":{"line":6,"column":54}},"6":{"start":{"line":8,"column":16},"end":{"line":8,"column":50}},"7":{"start":{"line":12,"column":18},"end":{"line":35,"column":1}},"8":{"start":{"line":36,"column":16},"end":{"line":56,"column":1}},"9":{"start":{"line":59,"column":2},"end":{"line":59,"column":55}},"10":{"start":{"line":62,"column":13},"end":{"line":64,"column":4}},"11":{"start":{"line":66,"column":2},"end":{"line":66,"column":14}},"12":{"start":{"line":71,"column":0},"end":{"line":73,"column":3}},"13":{"start":{"line":72,"column":2},"end":{"line":72,"column":15}},"14":{"start":{"line":77,"column":0},"end":{"line":107,"column":3}},"15":{"start":{"line":78,"column":2},"end":{"line":78,"column":21}},"16":{"start":{"line":79,"column":22},"end":{"line":79,"column":60}},"17":{"start":{"line":80,"column":2},"end":{"line":106,"column":3}},"18":{"start":{"line":81,"column":4},"end":{"line":81,"column":38}},"19":{"start":{"line":83,"column":21},"end":{"line":87,"column":5}},"20":{"start":{"line":88,"column":20},"end":{"line":94,"column":5}},"21":{"start":{"line":96,"column":4},"end":{"line":105,"column":27}},"22":{"start":{"line":97,"column":21},"end":{"line":97,"column":31}},"23":{"start":{"line":99,"column":19},"end":{"line":99,"column":28}},"24":{"start":{"line":100,"column":8},"end":{"line":100,"column":29}},"25":{"start":{"line":101,"column":8},"end":{"line":101,"column":31}},"26":{"start":{"line":102,"column":23},"end":{"line":102,"column":69}},"27":{"start":{"line":103,"column":8},"end":{"line":103,"column":36}},"28":{"start":{"line":112,"column":2},"end":{"line":118,"column":7}},"29":{"start":{"line":113,"column":17},"end":{"line":113,"column":25}},"30":{"start":{"line":115,"column":6},"end":{"line":117,"column":7}},"31":{"start":{"line":115,"column":19},"end":{"line":115,"column":20}},"32":{"start":{"line":116,"column":8},"end":{"line":116,"column":33}},"33":{"start":{"line":124,"column":2},"end":{"line":124,"column":21}},"34":{"start":{"line":125,"column":2},"end":{"line":125,"column":20}},"35":{"start":{"line":126,"column":19},"end":{"line":126,"column":60}},"36":{"start":{"line":127,"column":28},"end":{"line":127,"column":76}},"37":{"start":{"line":128,"column":29},"end":{"line":128,"column":77}},"38":{"start":{"line":129,"column":27},"end":{"line":129,"column":75}},"39":{"start":{"line":130,"column":2},"end":{"line":166,"column":25}},"40":{"start":{"line":131,"column":17},"end":{"line":131,"column":25}},"41":{"start":{"line":133,"column":6},"end":{"line":133,"column":28}},"42":{"start":{"line":135,"column":6},"end":{"line":135,"column":39}},"43":{"start":{"line":137,"column":28},"end":{"line":137,"column":41}},"44":{"start":{"line":139,"column":6},"end":{"line":159,"column":7}},"45":{"start":{"line":141,"column":8},"end":{"line":158,"column":11}},"46":{"start":{"line":142,"column":25},"end":{"line":142,"column":45}},"47":{"start":{"line":143,"column":24},"end":{"line":143,"column":52}},"48":{"start":{"line":144,"column":30},"end":{"line":144,"column":70}},"49":{"start":{"line":145,"column":10},"end":{"line":156,"column":11}},"50":{"start":{"line":146,"column":12},"end":{"line":146,"column":53}},"51":{"start":{"line":148,"column":12},"end":{"line":148,"column":43}},"52":{"start":{"line":150,"column":27},"end":{"line":150,"column":56}},"53":{"start":{"line":151,"column":12},"end":{"line":151,"column":40}},"54":{"start":{"line":152,"column":12},"end":{"line":152,"column":36}},"55":{"start":{"line":153,"column":12},"end":{"line":153,"column":46}},"56":{"start":{"line":154,"column":12},"end":{"line":154,"column":38}},"57":{"start":{"line":155,"column":12},"end":{"line":155,"column":43}},"58":{"start":{"line":160,"column":6},"end":{"line":160,"column":20}},"59":{"start":{"line":162,"column":6},"end":{"line":162,"column":52}},"60":{"start":{"line":163,"column":6},"end":{"line":163,"column":53}},"61":{"start":{"line":164,"column":6},"end":{"line":164,"column":51}},"62":{"start":{"line":172,"column":2},"end":{"line":172,"column":21}},"63":{"start":{"line":173,"column":24},"end":{"line":173,"column":53}},"64":{"start":{"line":174,"column":26},"end":{"line":174,"column":55}},"65":{"start":{"line":175,"column":17},"end":{"line":175,"column":46}},"66":{"start":{"line":176,"column":18},"end":{"line":176,"column":47}},"67":{"start":{"line":177,"column":19},"end":{"line":177,"column":48}},"68":{"start":{"line":178,"column":26},"end":{"line":178,"column":55}},"69":{"start":{"line":179,"column":19},"end":{"line":179,"column":47}},"70":{"start":{"line":180,"column":21},"end":{"line":180,"column":50}},"71":{"start":{"line":181,"column":22},"end":{"line":181,"column":51}},"72":{"start":{"line":182,"column":28},"end":{"line":182,"column":57}},"73":{"start":{"line":183,"column":27},"end":{"line":183,"column":56}},"74":{"start":{"line":184,"column":27},"end":{"line":184,"column":56}},"75":{"start":{"line":185,"column":27},"end":{"line":185,"column":56}},"76":{"start":{"line":186,"column":20},"end":{"line":186,"column":52}},"77":{"start":{"line":187,"column":20},"end":{"line":187,"column":52}},"78":{"start":{"line":188,"column":20},"end":{"line":188,"column":52}},"79":{"start":{"line":190,"column":27},"end":{"line":190,"column":56}},"80":{"start":{"line":191,"column":2},"end":{"line":191,"column":50}},"81":{"start":{"line":193,"column":30},"end":{"line":193,"column":59}},"82":{"start":{"line":194,"column":2},"end":{"line":194,"column":56}},"83":{"start":{"line":201,"column":2},"end":{"line":208,"column":4}},"84":{"start":{"line":210,"column":2},"end":{"line":210,"column":37}},"85":{"start":{"line":211,"column":2},"end":{"line":211,"column":37}},"86":{"start":{"line":212,"column":2},"end":{"line":212,"column":37}},"87":{"start":{"line":213,"column":2},"end":{"line":213,"column":48}},"88":{"start":{"line":214,"column":2},"end":{"line":214,"column":48}},"89":{"start":{"line":215,"column":2},"end":{"line":215,"column":48}},"90":{"start":{"line":216,"column":2},"end":{"line":216,"column":49}},"91":{"start":{"line":217,"column":2},"end":{"line":217,"column":49}},"92":{"start":{"line":218,"column":2},"end":{"line":218,"column":49}},"93":{"start":{"line":221,"column":17},"end":{"line":221,"column":49}},"94":{"start":{"line":222,"column":2},"end":{"line":222,"column":25}},"95":{"start":{"line":223,"column":2},"end":{"line":223,"column":38}},"96":{"start":{"line":224,"column":2},"end":{"line":224,"column":37}},"97":{"start":{"line":225,"column":2},"end":{"line":227,"column":5}},"98":{"start":{"line":226,"column":4},"end":{"line":226,"column":20}},"99":{"start":{"line":230,"column":22},"end":{"line":230,"column":53}},"100":{"start":{"line":231,"column":2},"end":{"line":231,"column":43}},"101":{"start":{"line":232,"column":2},"end":{"line":232,"column":31}},"102":{"start":{"line":233,"column":2},"end":{"line":233,"column":33}},"103":{"start":{"line":234,"column":2},"end":{"line":234,"column":37}},"104":{"start":{"line":235,"column":2},"end":{"line":235,"column":44}},"105":{"start":{"line":236,"column":2},"end":{"line":236,"column":37}},"106":{"start":{"line":237,"column":2},"end":{"line":237,"column":47}},"107":{"start":{"line":238,"column":2},"end":{"line":238,"column":31}},"108":{"start":{"line":239,"column":23},"end":{"line":239,"column":55}},"109":{"start":{"line":240,"column":2},"end":{"line":240,"column":42}},"110":{"start":{"line":241,"column":2},"end":{"line":241,"column":44}},"111":{"start":{"line":242,"column":2},"end":{"line":242,"column":39}},"112":{"start":{"line":243,"column":2},"end":{"line":243,"column":34}},"113":{"start":{"line":244,"column":2},"end":{"line":246,"column":5}},"114":{"start":{"line":245,"column":4},"end":{"line":245,"column":22}},"115":{"start":{"line":247,"column":22},"end":{"line":247,"column":54}},"116":{"start":{"line":248,"column":2},"end":{"line":248,"column":40}},"117":{"start":{"line":249,"column":2},"end":{"line":249,"column":43}},"118":{"start":{"line":250,"column":2},"end":{"line":250,"column":35}},"119":{"start":{"line":251,"column":2},"end":{"line":251,"column":33}},"120":{"start":{"line":252,"column":2},"end":{"line":254,"column":5}},"121":{"start":{"line":253,"column":4},"end":{"line":253,"column":21}},"122":{"start":{"line":256,"column":21},"end":{"line":256,"column":50}},"123":{"start":{"line":257,"column":2},"end":{"line":257,"column":37}},"124":{"start":{"line":259,"column":2},"end":{"line":259,"column":22}},"125":{"start":{"line":261,"column":22},"end":{"line":261,"column":52}},"126":{"start":{"line":262,"column":21},"end":{"line":262,"column":52}},"127":{"start":{"line":263,"column":24},"end":{"line":263,"column":55}},"128":{"start":{"line":264,"column":22},"end":{"line":264,"column":50}},"129":{"start":{"line":265,"column":22},"end":{"line":265,"column":51}},"130":{"start":{"line":266,"column":23},"end":{"line":266,"column":51}},"131":{"start":{"line":267,"column":2},"end":{"line":267,"column":44}},"132":{"start":{"line":268,"column":2},"end":{"line":268,"column":41}},"133":{"start":{"line":269,"column":2},"end":{"line":269,"column":50}},"134":{"start":{"line":271,"column":2},"end":{"line":272,"column":83}},"135":{"start":{"line":273,"column":2},"end":{"line":273,"column":32}},"136":{"start":{"line":274,"column":2},"end":{"line":274,"column":44}},"137":{"start":{"line":275,"column":2},"end":{"line":275,"column":34}},"138":{"start":{"line":276,"column":2},"end":{"line":276,"column":44}},"139":{"start":{"line":277,"column":2},"end":{"line":277,"column":27}},"140":{"start":{"line":278,"column":2},"end":{"line":278,"column":31}},"141":{"start":{"line":279,"column":2},"end":{"line":279,"column":48}},"142":{"start":{"line":280,"column":2},"end":{"line":280,"column":33}},"143":{"start":{"line":281,"column":2},"end":{"line":281,"column":39}},"144":{"start":{"line":282,"column":2},"end":{"line":282,"column":38}},"145":{"start":{"line":284,"column":2},"end":{"line":284,"column":53}},"146":{"start":{"line":285,"column":2},"end":{"line":285,"column":51}},"147":{"start":{"line":286,"column":2},"end":{"line":286,"column":37}},"148":{"start":{"line":287,"column":2},"end":{"line":289,"column":5}},"149":{"start":{"line":288,"column":4},"end":{"line":288,"column":29}},"150":{"start":{"line":290,"column":2},"end":{"line":292,"column":5}},"151":{"start":{"line":291,"column":4},"end":{"line":291,"column":27}},"152":{"start":{"line":293,"column":2},"end":{"line":295,"column":5}},"153":{"start":{"line":294,"column":4},"end":{"line":294,"column":28}},"154":{"start":{"line":296,"column":2},"end":{"line":296,"column":41}},"155":{"start":{"line":297,"column":2},"end":{"line":297,"column":41}},"156":{"start":{"line":298,"column":2},"end":{"line":298,"column":41}},"157":{"start":{"line":299,"column":2},"end":{"line":299,"column":30}},"158":{"start":{"line":300,"column":2},"end":{"line":300,"column":31}},"159":{"start":{"line":301,"column":2},"end":{"line":301,"column":29}},"160":{"start":{"line":302,"column":2},"end":{"line":302,"column":52}},"161":{"start":{"line":303,"column":2},"end":{"line":303,"column":39}},"162":{"start":{"line":305,"column":2},"end":{"line":305,"column":40}},"163":{"start":{"line":306,"column":2},"end":{"line":306,"column":36}},"164":{"start":{"line":307,"column":2},"end":{"line":307,"column":40}},"165":{"start":{"line":308,"column":2},"end":{"line":308,"column":43}},"166":{"start":{"line":309,"column":2},"end":{"line":309,"column":41}},"167":{"start":{"line":310,"column":2},"end":{"line":310,"column":30}},"168":{"start":{"line":311,"column":2},"end":{"line":311,"column":44}},"169":{"start":{"line":312,"column":2},"end":{"line":312,"column":44}},"170":{"start":{"line":313,"column":2},"end":{"line":313,"column":45}},"171":{"start":{"line":314,"column":2},"end":{"line":314,"column":47}},"172":{"start":{"line":315,"column":2},"end":{"line":317,"column":5}},"173":{"start":{"line":316,"column":4},"end":{"line":316,"column":27}},"174":{"start":{"line":318,"column":2},"end":{"line":318,"column":34}},"175":{"start":{"line":319,"column":2},"end":{"line":319,"column":43}},"176":{"start":{"line":320,"column":2},"end":{"line":320,"column":40}},"177":{"start":{"line":321,"column":2},"end":{"line":321,"column":40}},"178":{"start":{"line":322,"column":2},"end":{"line":322,"column":35}},"179":{"start":{"line":324,"column":2},"end":{"line":324,"column":69}},"180":{"start":{"line":325,"column":2},"end":{"line":325,"column":61}},"181":{"start":{"line":326,"column":2},"end":{"line":326,"column":44}},"182":{"start":{"line":327,"column":2},"end":{"line":327,"column":38}},"183":{"start":{"line":329,"column":2},"end":{"line":329,"column":72}},"184":{"start":{"line":330,"column":2},"end":{"line":330,"column":38}},"185":{"start":{"line":331,"column":2},"end":{"line":331,"column":40}},"186":{"start":{"line":332,"column":2},"end":{"line":332,"column":40}},"187":{"start":{"line":333,"column":2},"end":{"line":333,"column":40}},"188":{"start":{"line":334,"column":2},"end":{"line":334,"column":39}},"189":{"start":{"line":335,"column":2},"end":{"line":335,"column":42}},"190":{"start":{"line":336,"column":2},"end":{"line":336,"column":39}},"191":{"start":{"line":337,"column":2},"end":{"line":337,"column":35}},"192":{"start":{"line":338,"column":2},"end":{"line":338,"column":39}},"193":{"start":{"line":339,"column":2},"end":{"line":339,"column":35}},"194":{"start":{"line":340,"column":2},"end":{"line":340,"column":45}},"195":{"start":{"line":341,"column":2},"end":{"line":341,"column":37}},"196":{"start":{"line":343,"column":2},"end":{"line":343,"column":39}},"197":{"start":{"line":347,"column":2},"end":{"line":347,"column":25}},"198":{"start":{"line":348,"column":15},"end":{"line":348,"column":36}},"199":{"start":{"line":349,"column":2},"end":{"line":349,"column":30}},"200":{"start":{"line":355,"column":2},"end":{"line":355,"column":21}},"201":{"start":{"line":356,"column":25},"end":{"line":356,"column":72}},"202":{"start":{"line":357,"column":2},"end":{"line":385,"column":3}},"203":{"start":{"line":358,"column":4},"end":{"line":358,"column":41}},"204":{"start":{"line":360,"column":21},"end":{"line":362,"column":5}},"205":{"start":{"line":364,"column":20},"end":{"line":373,"column":5}},"206":{"start":{"line":374,"column":4},"end":{"line":383,"column":9}},"207":{"start":{"line":375,"column":19},"end":{"line":375,"column":27}},"208":{"start":{"line":377,"column":28},"end":{"line":377,"column":68}},"209":{"start":{"line":378,"column":22},"end":{"line":378,"column":50}},"210":{"start":{"line":379,"column":8},"end":{"line":379,"column":46}},"211":{"start":{"line":380,"column":8},"end":{"line":380,"column":39}},"212":{"start":{"line":381,"column":22},"end":{"line":381,"column":26}},"213":{"start":{"line":382,"column":8},"end":{"line":382,"column":38}},"214":{"start":{"line":384,"column":4},"end":{"line":384,"column":27}},"215":{"start":{"line":390,"column":2},"end":{"line":390,"column":21}},"216":{"start":{"line":391,"column":28},"end":{"line":391,"column":76}},"217":{"start":{"line":392,"column":2},"end":{"line":392,"column":33}},"218":{"start":{"line":393,"column":16},"end":{"line":393,"column":55}},"219":{"start":{"line":394,"column":2},"end":{"line":394,"column":12}},"220":{"start":{"line":395,"column":2},"end":{"line":395,"column":23}},"221":{"start":{"line":397,"column":2},"end":{"line":397,"column":42}},"222":{"start":{"line":400,"column":19},"end":{"line":402,"column":3}},"223":{"start":{"line":404,"column":18},"end":{"line":410,"column":3}},"224":{"start":{"line":412,"column":2},"end":{"line":418,"column":7}},"225":{"start":{"line":413,"column":17},"end":{"line":413,"column":25}},"226":{"start":{"line":415,"column":6},"end":{"line":415,"column":46}},"227":{"start":{"line":416,"column":6},"end":{"line":416,"column":22}},"228":{"start":{"line":417,"column":6},"end":{"line":417,"column":24}},"229":{"start":{"line":423,"column":2},"end":{"line":423,"column":21}},"230":{"start":{"line":424,"column":29},"end":{"line":424,"column":77}},"231":{"start":{"line":425,"column":2},"end":{"line":425,"column":34}},"232":{"start":{"line":426,"column":16},"end":{"line":426,"column":56}},"233":{"start":{"line":427,"column":2},"end":{"line":427,"column":12}},"234":{"start":{"line":428,"column":2},"end":{"line":428,"column":23}},"235":{"start":{"line":430,"column":2},"end":{"line":430,"column":43}},"236":{"start":{"line":431,"column":19},"end":{"line":433,"column":3}},"237":{"start":{"line":435,"column":18},"end":{"line":441,"column":3}},"238":{"start":{"line":443,"column":2},"end":{"line":449,"column":7}},"239":{"start":{"line":444,"column":17},"end":{"line":444,"column":25}},"240":{"start":{"line":446,"column":6},"end":{"line":446,"column":46}},"241":{"start":{"line":447,"column":6},"end":{"line":447,"column":22}},"242":{"start":{"line":448,"column":6},"end":{"line":448,"column":24}},"243":{"start":{"line":453,"column":2},"end":{"line":453,"column":21}},"244":{"start":{"line":454,"column":27},"end":{"line":454,"column":75}},"245":{"start":{"line":455,"column":2},"end":{"line":455,"column":32}},"246":{"start":{"line":456,"column":16},"end":{"line":456,"column":54}},"247":{"start":{"line":457,"column":2},"end":{"line":457,"column":12}},"248":{"start":{"line":458,"column":2},"end":{"line":458,"column":23}},"249":{"start":{"line":460,"column":2},"end":{"line":460,"column":41}},"250":{"start":{"line":461,"column":19},"end":{"line":463,"column":3}},"251":{"start":{"line":465,"column":18},"end":{"line":471,"column":3}},"252":{"start":{"line":473,"column":2},"end":{"line":479,"column":7}},"253":{"start":{"line":474,"column":17},"end":{"line":474,"column":25}},"254":{"start":{"line":476,"column":6},"end":{"line":476,"column":46}},"255":{"start":{"line":477,"column":6},"end":{"line":477,"column":22}},"256":{"start":{"line":478,"column":6},"end":{"line":478,"column":24}},"257":{"start":{"line":485,"column":2},"end":{"line":485,"column":21}},"258":{"start":{"line":487,"column":2},"end":{"line":546,"column":25}},"259":{"start":{"line":488,"column":24},"end":{"line":488,"column":39}},"260":{"start":{"line":490,"column":24},"end":{"line":490,"column":57}},"261":{"start":{"line":491,"column":22},"end":{"line":491,"column":66}},"262":{"start":{"line":493,"column":24},"end":{"line":495,"column":7}},"263":{"start":{"line":497,"column":22},"end":{"line":507,"column":7}},"264":{"start":{"line":509,"column":6},"end":{"line":544,"column":11}},"265":{"start":{"line":510,"column":21},"end":{"line":510,"column":29}},"266":{"start":{"line":512,"column":26},"end":{"line":512,"column":34}},"267":{"start":{"line":514,"column":30},"end":{"line":514,"column":70}},"268":{"start":{"line":515,"column":24},"end":{"line":515,"column":52}},"269":{"start":{"line":516,"column":25},"end":{"line":516,"column":54}},"270":{"start":{"line":517,"column":10},"end":{"line":517,"column":38}},"271":{"start":{"line":518,"column":10},"end":{"line":518,"column":39}},"272":{"start":{"line":519,"column":10},"end":{"line":519,"column":33}},"273":{"start":{"line":520,"column":10},"end":{"line":520,"column":31}},"274":{"start":{"line":521,"column":10},"end":{"line":521,"column":36}},"275":{"start":{"line":522,"column":10},"end":{"line":522,"column":41}},"276":{"start":{"line":524,"column":26},"end":{"line":526,"column":11}},"277":{"start":{"line":527,"column":27},"end":{"line":536,"column":11}},"278":{"start":{"line":537,"column":10},"end":{"line":543,"column":15}},"279":{"start":{"line":538,"column":25},"end":{"line":538,"column":33}},"280":{"start":{"line":540,"column":14},"end":{"line":540,"column":32}},"281":{"start":{"line":541,"column":28},"end":{"line":541,"column":32}},"282":{"start":{"line":542,"column":14},"end":{"line":542,"column":43}},"283":{"start":{"line":551,"column":2},"end":{"line":551,"column":21}},"284":{"start":{"line":553,"column":22},"end":{"line":553,"column":64}},"285":{"start":{"line":554,"column":21},"end":{"line":554,"column":64}},"286":{"start":{"line":556,"column":2},"end":{"line":577,"column":3}},"287":{"start":{"line":557,"column":4},"end":{"line":574,"column":5}},"288":{"start":{"line":558,"column":6},"end":{"line":558,"column":44}},"289":{"start":{"line":560,"column":6},"end":{"line":573,"column":11}},"290":{"start":{"line":564,"column":21},"end":{"line":564,"column":29}},"291":{"start":{"line":566,"column":28},"end":{"line":566,"column":61}},"292":{"start":{"line":567,"column":26},"end":{"line":567,"column":76}},"293":{"start":{"line":568,"column":22},"end":{"line":568,"column":51}},"294":{"start":{"line":569,"column":10},"end":{"line":569,"column":36}},"295":{"start":{"line":570,"column":10},"end":{"line":570,"column":37}},"296":{"start":{"line":571,"column":10},"end":{"line":571,"column":28}},"297":{"start":{"line":572,"column":10},"end":{"line":572,"column":38}},"298":{"start":{"line":576,"column":4},"end":{"line":576,"column":50}},"299":{"start":{"line":581,"column":2},"end":{"line":581,"column":21}},"300":{"start":{"line":582,"column":20},"end":{"line":582,"column":63}},"301":{"start":{"line":584,"column":2},"end":{"line":584,"column":36}},"302":{"start":{"line":585,"column":2},"end":{"line":620,"column":3}},"303":{"start":{"line":586,"column":19},"end":{"line":586,"column":43}},"304":{"start":{"line":587,"column":20},"end":{"line":589,"column":5}},"305":{"start":{"line":590,"column":21},"end":{"line":599,"column":5}},"306":{"start":{"line":601,"column":4},"end":{"line":617,"column":9}},"307":{"start":{"line":602,"column":19},"end":{"line":602,"column":27}},"308":{"start":{"line":604,"column":27},"end":{"line":604,"column":70}},"309":{"start":{"line":605,"column":28},"end":{"line":605,"column":68}},"310":{"start":{"line":606,"column":22},"end":{"line":606,"column":50}},"311":{"start":{"line":607,"column":23},"end":{"line":607,"column":52}},"312":{"start":{"line":608,"column":8},"end":{"line":608,"column":36}},"313":{"start":{"line":609,"column":8},"end":{"line":609,"column":28}},"314":{"start":{"line":611,"column":8},"end":{"line":611,"column":34}},"315":{"start":{"line":612,"column":8},"end":{"line":612,"column":39}},"316":{"start":{"line":614,"column":22},"end":{"line":614,"column":26}},"317":{"start":{"line":615,"column":8},"end":{"line":615,"column":27}},"318":{"start":{"line":616,"column":8},"end":{"line":616,"column":54}},"319":{"start":{"line":619,"column":4},"end":{"line":619,"column":46}},"320":{"start":{"line":623,"column":0},"end":{"line":623,"column":62}}},"fnMap":{"0":{"name":"getRandomInt","decl":{"start":{"line":58,"column":9},"end":{"line":58,"column":21}},"loc":{"start":{"line":58,"column":32},"end":{"line":60,"column":1}},"line":58},"1":{"name":"randomNameGenerator","decl":{"start":{"line":61,"column":9},"end":{"line":61,"column":28}},"loc":{"start":{"line":61,"column":31},"end":{"line":67,"column":1}},"line":61},"2":{"name":"(anonymous_2)","decl":{"start":{"line":71,"column":46},"end":{"line":71,"column":47}},"loc":{"start":{"line":71,"column":53},"end":{"line":73,"column":1}},"line":71},"3":{"name":"(anonymous_3)","decl":{"start":{"line":77,"column":32},"end":{"line":77,"column":33}},"loc":{"start":{"line":77,"column":39},"end":{"line":107,"column":1}},"line":77},"4":{"name":"(anonymous_4)","decl":{"start":{"line":97,"column":12},"end":{"line":97,"column":13}},"loc":{"start":{"line":97,"column":21},"end":{"line":97,"column":31}},"line":97},"5":{"name":"(anonymous_5)","decl":{"start":{"line":98,"column":12},"end":{"line":98,"column":13}},"loc":{"start":{"line":98,"column":22},"end":{"line":104,"column":7}},"line":98},"6":{"name":"loadPosts","decl":{"start":{"line":111,"column":9},"end":{"line":111,"column":18}},"loc":{"start":{"line":111,"column":22},"end":{"line":119,"column":1}},"line":111},"7":{"name":"(anonymous_7)","decl":{"start":{"line":113,"column":10},"end":{"line":113,"column":11}},"loc":{"start":{"line":113,"column":17},"end":{"line":113,"column":25}},"line":113},"8":{"name":"(anonymous_8)","decl":{"start":{"line":114,"column":10},"end":{"line":114,"column":11}},"loc":{"start":{"line":114,"column":20},"end":{"line":118,"column":5}},"line":114},"9":{"name":"fetchPost","decl":{"start":{"line":123,"column":9},"end":{"line":123,"column":18}},"loc":{"start":{"line":123,"column":26},"end":{"line":167,"column":1}},"line":123},"10":{"name":"(anonymous_10)","decl":{"start":{"line":131,"column":10},"end":{"line":131,"column":11}},"loc":{"start":{"line":131,"column":17},"end":{"line":131,"column":25}},"line":131},"11":{"name":"(anonymous_11)","decl":{"start":{"line":132,"column":10},"end":{"line":132,"column":11}},"loc":{"start":{"line":132,"column":20},"end":{"line":165,"column":5}},"line":132},"12":{"name":"(anonymous_12)","decl":{"start":{"line":141,"column":30},"end":{"line":141,"column":31}},"loc":{"start":{"line":141,"column":50},"end":{"line":158,"column":9}},"line":141},"13":{"name":"createPost","decl":{"start":{"line":171,"column":9},"end":{"line":171,"column":19}},"loc":{"start":{"line":171,"column":27},"end":{"line":350,"column":1}},"line":171},"14":{"name":"(anonymous_14)","decl":{"start":{"line":225,"column":35},"end":{"line":225,"column":36}},"loc":{"start":{"line":225,"column":42},"end":{"line":227,"column":3}},"line":225},"15":{"name":"(anonymous_15)","decl":{"start":{"line":244,"column":41},"end":{"line":244,"column":42}},"loc":{"start":{"line":244,"column":48},"end":{"line":246,"column":3}},"line":244},"16":{"name":"(anonymous_16)","decl":{"start":{"line":252,"column":40},"end":{"line":252,"column":41}},"loc":{"start":{"line":252,"column":47},"end":{"line":254,"column":3}},"line":252},"17":{"name":"(anonymous_17)","decl":{"start":{"line":287,"column":38},"end":{"line":287,"column":39}},"loc":{"start":{"line":287,"column":45},"end":{"line":289,"column":3}},"line":287},"18":{"name":"(anonymous_18)","decl":{"start":{"line":290,"column":38},"end":{"line":290,"column":39}},"loc":{"start":{"line":290,"column":45},"end":{"line":292,"column":3}},"line":290},"19":{"name":"(anonymous_19)","decl":{"start":{"line":293,"column":38},"end":{"line":293,"column":39}},"loc":{"start":{"line":293,"column":45},"end":{"line":295,"column":3}},"line":293},"20":{"name":"(anonymous_20)","decl":{"start":{"line":315,"column":41},"end":{"line":315,"column":42}},"loc":{"start":{"line":315,"column":48},"end":{"line":317,"column":3}},"line":315},"21":{"name":"getcommentinput","decl":{"start":{"line":354,"column":9},"end":{"line":354,"column":24}},"loc":{"start":{"line":354,"column":32},"end":{"line":386,"column":1}},"line":354},"22":{"name":"(anonymous_22)","decl":{"start":{"line":375,"column":12},"end":{"line":375,"column":13}},"loc":{"start":{"line":375,"column":19},"end":{"line":375,"column":27}},"line":375},"23":{"name":"(anonymous_23)","decl":{"start":{"line":376,"column":12},"end":{"line":376,"column":13}},"loc":{"start":{"line":376,"column":22},"end":{"line":383,"column":7}},"line":376},"24":{"name":"reactCounterLike","decl":{"start":{"line":389,"column":9},"end":{"line":389,"column":25}},"loc":{"start":{"line":389,"column":33},"end":{"line":419,"column":1}},"line":389},"25":{"name":"(anonymous_25)","decl":{"start":{"line":413,"column":10},"end":{"line":413,"column":11}},"loc":{"start":{"line":413,"column":17},"end":{"line":413,"column":25}},"line":413},"26":{"name":"(anonymous_26)","decl":{"start":{"line":414,"column":10},"end":{"line":414,"column":11}},"loc":{"start":{"line":414,"column":20},"end":{"line":418,"column":5}},"line":414},"27":{"name":"reactCounterSmile","decl":{"start":{"line":422,"column":9},"end":{"line":422,"column":26}},"loc":{"start":{"line":422,"column":34},"end":{"line":450,"column":1}},"line":422},"28":{"name":"(anonymous_28)","decl":{"start":{"line":444,"column":10},"end":{"line":444,"column":11}},"loc":{"start":{"line":444,"column":17},"end":{"line":444,"column":25}},"line":444},"29":{"name":"(anonymous_29)","decl":{"start":{"line":445,"column":10},"end":{"line":445,"column":11}},"loc":{"start":{"line":445,"column":20},"end":{"line":449,"column":5}},"line":445},"30":{"name":"reactCounterSad","decl":{"start":{"line":452,"column":9},"end":{"line":452,"column":24}},"loc":{"start":{"line":452,"column":32},"end":{"line":480,"column":1}},"line":452},"31":{"name":"(anonymous_31)","decl":{"start":{"line":474,"column":10},"end":{"line":474,"column":11}},"loc":{"start":{"line":474,"column":17},"end":{"line":474,"column":25}},"line":474},"32":{"name":"(anonymous_32)","decl":{"start":{"line":475,"column":10},"end":{"line":475,"column":11}},"loc":{"start":{"line":475,"column":20},"end":{"line":479,"column":5}},"line":475},"33":{"name":"gifReact","decl":{"start":{"line":484,"column":9},"end":{"line":484,"column":17}},"loc":{"start":{"line":484,"column":25},"end":{"line":547,"column":1}},"line":484},"34":{"name":"(anonymous_34)","decl":{"start":{"line":488,"column":10},"end":{"line":488,"column":11}},"loc":{"start":{"line":488,"column":24},"end":{"line":488,"column":39}},"line":488},"35":{"name":"(anonymous_35)","decl":{"start":{"line":489,"column":10},"end":{"line":489,"column":11}},"loc":{"start":{"line":489,"column":20},"end":{"line":545,"column":5}},"line":489},"36":{"name":"(anonymous_36)","decl":{"start":{"line":510,"column":14},"end":{"line":510,"column":15}},"loc":{"start":{"line":510,"column":21},"end":{"line":510,"column":29}},"line":510},"37":{"name":"(anonymous_37)","decl":{"start":{"line":511,"column":14},"end":{"line":511,"column":15}},"loc":{"start":{"line":511,"column":24},"end":{"line":544,"column":9}},"line":511},"38":{"name":"(anonymous_38)","decl":{"start":{"line":538,"column":18},"end":{"line":538,"column":19}},"loc":{"start":{"line":538,"column":25},"end":{"line":538,"column":33}},"line":538},"39":{"name":"(anonymous_39)","decl":{"start":{"line":539,"column":18},"end":{"line":539,"column":19}},"loc":{"start":{"line":539,"column":28},"end":{"line":543,"column":13}},"line":539},"40":{"name":"previewGif","decl":{"start":{"line":550,"column":9},"end":{"line":550,"column":19}},"loc":{"start":{"line":550,"column":27},"end":{"line":578,"column":1}},"line":550},"41":{"name":"(anonymous_41)","decl":{"start":{"line":564,"column":14},"end":{"line":564,"column":15}},"loc":{"start":{"line":564,"column":21},"end":{"line":564,"column":29}},"line":564},"42":{"name":"(anonymous_42)","decl":{"start":{"line":565,"column":14},"end":{"line":565,"column":15}},"loc":{"start":{"line":565,"column":24},"end":{"line":573,"column":9}},"line":565},"43":{"name":"submitGif","decl":{"start":{"line":580,"column":9},"end":{"line":580,"column":18}},"loc":{"start":{"line":580,"column":26},"end":{"line":621,"column":1}},"line":580},"44":{"name":"(anonymous_44)","decl":{"start":{"line":602,"column":12},"end":{"line":602,"column":13}},"loc":{"start":{"line":602,"column":19},"end":{"line":602,"column":27}},"line":602},"45":{"name":"(anonymous_45)","decl":{"start":{"line":603,"column":12},"end":{"line":603,"column":13}},"loc":{"start":{"line":603,"column":22},"end":{"line":617,"column":7}},"line":603}},"branchMap":{"0":{"loc":{"start":{"line":80,"column":2},"end":{"line":106,"column":3}},"type":"if","locations":[{"start":{"line":80,"column":2},"end":{"line":106,"column":3}},{"start":{"line":82,"column":9},"end":{"line":106,"column":3}}],"line":80},"1":{"loc":{"start":{"line":139,"column":6},"end":{"line":159,"column":7}},"type":"if","locations":[{"start":{"line":139,"column":6},"end":{"line":159,"column":7}},{"start":{},"end":{}}],"line":139},"2":{"loc":{"start":{"line":145,"column":10},"end":{"line":156,"column":11}},"type":"if","locations":[{"start":{"line":145,"column":10},"end":{"line":156,"column":11}},{"start":{"line":149,"column":17},"end":{"line":156,"column":11}}],"line":145},"3":{"loc":{"start":{"line":357,"column":2},"end":{"line":385,"column":3}},"type":"if","locations":[{"start":{"line":357,"column":2},"end":{"line":385,"column":3}},{"start":{"line":359,"column":9},"end":{"line":385,"column":3}}],"line":357},"4":{"loc":{"start":{"line":556,"column":2},"end":{"line":577,"column":3}},"type":"if","locations":[{"start":{"line":556,"column":2},"end":{"line":577,"column":3}},{"start":{"line":575,"column":9},"end":{"line":577,"column":3}}],"line":556},"5":{"loc":{"start":{"line":557,"column":4},"end":{"line":574,"column":5}},"type":"if","locations":[{"start":{"line":557,"column":4},"end":{"line":574,"column":5}},{"start":{"line":559,"column":11},"end":{"line":574,"column":5}}],"line":557},"6":{"loc":{"start":{"line":585,"column":2},"end":{"line":620,"column":3}},"type":"if","locations":[{"start":{"line":585,"column":2},"end":{"line":620,"column":3}},{"start":{"line":618,"column":9},"end":{"line":620,"column":3}}],"line":585}},"s":{"0":1,"1":1,"2":1,"3":1,"4":1,"5":1,"6":1,"7":1,"8":1,"9":3,"10":0,"11":0,"12":1,"13":0,"14":1,"15":0,"16":0,"17":0,"18":0,"19":0,"20":0,"21":0,"22":0,"23":0,"24":0,"25":0,"26":0,"27":0,"28":0,"29":0,"30":0,"31":0,"32":0,"33":0,"34":0,"35":0,"36":0,"37":0,"38":0,"39":0,"40":0,"41":0,"42":0,"43":0,"44":0,"45":0,"46":0,"47":0,"48":0,"49":0,"50":0,"51":0,"52":0,"53":0,"54":0,"55":0,"56":0,"57":0,"58":0,"59":0,"60":0,"61":0,"62":0,"63":0,"64":0,"65":0,"66":0,"67":0,"68":0,"69":0,"70":0,"71":0,"72":0,"73":0,"74":0,"75":0,"76":0,"77":0,"78":0,"79":0,"80":0,"81":0,"82":0,"83":0,"84":0,"85":0,"86":0,"87":0,"88":0,"89":0,"90":0,"91":0,"92":0,"93":0,"94":0,"95":0,"96":0,"97":0,"98":0,"99":0,"100":0,"101":0,"102":0,"103":0,"104":0,"105":0,"106":0,"107":0,"108":0,"109":0,"110":0,"111":0,"112":0,"113":0,"114":0,"115":0,"116":0,"117":0,"118":0,"119":0,"120":0,"121":0,"122":0,"123":0,"124":0,"125":0,"126":0,"127":0,"128":0,"129":0,"130":0,"131":0,"132":0,"133":0,"134":0,"135":0,"136":0,"137":0,"138":0,"139":0,"140":0,"141":0,"142":0,"143":0,"144":0,"145":0,"146":0,"147":0,"148":0,"149":0,"150":0,"151":0,"152":0,"153":0,"154":0,"155":0,"156":0,"157":0,"158":0,"159":0,"160":0,"161":0,"162":0,"163":0,"164":0,"165":0,"166":0,"167":0,"168":0,"169":0,"170":0,"171":0,"172":0,"173":0,"174":0,"175":0,"176":0,"177":0,"178":0,"179":0,"180":0,"181":0,"182":0,"183":0,"184":0,"185":0,"186":0,"187":0,"188":0,"189":0,"190":0,"191":0,"192":0,"193":0,"194":0,"195":0,"196":0,"197":0,"198":0,"199":0,"200":0,"201":0,"202":0,"203":0,"204":0,"205":0,"206":0,"207":0,"208":0,"209":0,"210":0,"211":0,"212":0,"213":0,"214":0,"215":0,"216":0,"217":0,"218":0,"219":0,"220":0,"221":0,"222":0,"223":0,"224":0,"225":0,"226":0,"227":0,"228":0,"229":0,"230":0,"231":0,"232":0,"233":0,"234":0,"235":0,"236":0,"237":0,"238":0,"239":0,"240":0,"241":0,"242":0,"243":0,"244":0,"245":0,"246":0,"247":0,"248":0,"249":0,"250":0,"251":0,"252":0,"253":0,"254":0,"255":0,"256":0,"257":0,"258":0,"259":0,"260":0,"261":0,"262":0,"263":0,"264":0,"265":0,"266":0,"267":0,"268":0,"269":0,"270":0,"271":0,"272":0,"273":0,"274":0,"275":0,"276":0,"277":0,"278":0,"279":0,"280":0,"281":0,"282":0,"283":0,"284":0,"285":0,"286":0,"287":0,"288":0,"289":0,"290":0,"291":0,"292":0,"293":0,"294":0,"295":0,"296":0,"297":0,"298":0,"299":0,"300":0,"301":0,"302":0,"303":0,"304":0,"305":0,"306":0,"307":0,"308":0,"309":0,"310":0,"311":0,"312":0,"313":0,"314":0,"315":0,"316":0,"317":0,"318":0,"319":0,"320":1},"f":{"0":3,"1":0,"2":0,"3":0,"4":0,"5":0,"6":0,"7":0,"8":0,"9":0,"10":0,"11":0,"12":0,"13":0,"14":0,"15":0,"16":0,"17":0,"18":0,"19":0,"20":0,"21":0,"22":0,"23":0,"24":0,"25":0,"26":0,"27":0,"28":0,"29":0,"30":0,"31":0,"32":0,"33":0,"34":0,"35":0,"36":0,"37":0,"38":0,"39":0,"40":0,"41":0,"42":0,"43":0,"44":0,"45":0},"b":{"0":[0,0],"1":[0,0],"2":[0,0],"3":[0,0],"4":[0,0],"5":[0,0],"6":[0,0]},"_coverageSchema":"1a1c01bbd47fc00a2c39e90264f33305004495a9","hash":"a4e7b0cae496fc1d7b76e93d352364eca284c0ed"}
}
