TN:
SF:client/script.js
FN:58,getRandomInt
FN:61,randomNameGenerator
FN:71,(anonymous_2)
FN:77,(anonymous_3)
FN:97,(anonymous_4)
FN:98,(anonymous_5)
FN:111,loadPosts
FN:113,(anonymous_7)
FN:114,(anonymous_8)
FN:123,fetchPost
FN:131,(anonymous_10)
FN:132,(anonymous_11)
FN:141,(anonymous_12)
FN:171,createPost
FN:225,(anonymous_14)
FN:244,(anonymous_15)
FN:252,(anonymous_16)
FN:287,(anonymous_17)
FN:290,(anonymous_18)
FN:293,(anonymous_19)
FN:315,(anonymous_20)
FN:354,getcommentinput
FN:375,(anonymous_22)
FN:376,(anonymous_23)
FN:389,reactCounterLike
FN:413,(anonymous_25)
FN:414,(anonymous_26)
FN:422,reactCounterSmile
FN:444,(anonymous_28)
FN:445,(anonymous_29)
FN:452,reactCounterSad
FN:474,(anonymous_31)
FN:475,(anonymous_32)
FN:484,gifReact
FN:488,(anonymous_34)
FN:489,(anonymous_35)
FN:510,(anonymous_36)
FN:511,(anonymous_37)
FN:538,(anonymous_38)
FN:539,(anonymous_39)
FN:550,previewGif
FN:564,(anonymous_41)
FN:565,(anonymous_42)
FN:580,submitGif
FN:602,(anonymous_44)
FN:603,(anonymous_45)
FNF:46
FNH:5
FNDA:5,getRandomInt
FNDA:2,randomNameGenerator
FNDA:0,(anonymous_2)
FNDA:0,(anonymous_3)
FNDA:0,(anonymous_4)
FNDA:0,(anonymous_5)
FNDA:0,loadPosts
FNDA:0,(anonymous_7)
FNDA:0,(anonymous_8)
FNDA:0,fetchPost
FNDA:0,(anonymous_10)
FNDA:0,(anonymous_11)
FNDA:0,(anonymous_12)
FNDA:1,createPost
FNDA:0,(anonymous_14)
FNDA:0,(anonymous_15)
FNDA:0,(anonymous_16)
FNDA:0,(anonymous_17)
FNDA:0,(anonymous_18)
FNDA:0,(anonymous_19)
FNDA:0,(anonymous_20)
FNDA:0,getcommentinput
FNDA:0,(anonymous_22)
FNDA:0,(anonymous_23)
FNDA:0,reactCounterLike
FNDA:0,(anonymous_25)
FNDA:0,(anonymous_26)
FNDA:0,reactCounterSmile
FNDA:0,(anonymous_28)
FNDA:0,(anonymous_29)
FNDA:0,reactCounterSad
FNDA:0,(anonymous_31)
FNDA:0,(anonymous_32)
FNDA:1,gifReact
FNDA:1,(anonymous_34)
FNDA:0,(anonymous_35)
FNDA:0,(anonymous_36)
FNDA:0,(anonymous_37)
FNDA:0,(anonymous_38)
FNDA:0,(anonymous_39)
FNDA:0,previewGif
FNDA:0,(anonymous_41)
FNDA:0,(anonymous_42)
FNDA:0,submitGif
FNDA:0,(anonymous_44)
FNDA:0,(anonymous_45)
DA:1,1
DA:2,1
DA:3,1
DA:4,1
DA:5,1
DA:6,1
DA:8,1
DA:12,1
DA:36,1
DA:59,5
DA:62,2
DA:66,2
DA:71,1
DA:72,0
DA:77,1
DA:78,0
DA:79,0
DA:80,0
DA:81,0
DA:83,0
DA:88,0
DA:96,0
DA:97,0
DA:99,0
DA:100,0
DA:101,0
DA:102,0
DA:103,0
DA:112,0
DA:113,0
DA:115,0
DA:116,0
DA:124,0
DA:125,0
DA:126,0
DA:127,0
DA:128,0
DA:129,0
DA:130,0
DA:131,0
DA:133,0
DA:135,0
DA:137,0
DA:139,0
DA:141,0
DA:142,0
DA:143,0
DA:144,0
DA:145,0
DA:146,0
DA:148,0
DA:150,0
DA:151,0
DA:152,0
DA:153,0
DA:154,0
DA:155,0
DA:160,0
DA:162,0
DA:163,0
DA:164,0
DA:172,1
DA:173,1
DA:174,1
DA:175,1
DA:176,1
DA:177,1
DA:178,1
DA:179,1
DA:180,1
DA:181,1
DA:182,1
DA:183,1
DA:184,1
DA:185,1
DA:186,1
DA:187,1
DA:188,1
DA:190,1
DA:191,1
DA:193,1
DA:194,1
DA:201,1
DA:210,1
DA:211,1
DA:212,1
DA:213,1
DA:214,1
DA:215,1
DA:216,1
DA:217,1
DA:218,1
DA:221,1
DA:222,1
DA:223,1
DA:224,1
DA:225,1
DA:226,0
DA:230,1
DA:231,1
DA:232,1
DA:233,1
DA:234,1
DA:235,1
DA:236,1
DA:237,1
DA:238,1
DA:239,1
DA:240,1
DA:241,1
DA:242,1
DA:243,1
DA:244,1
DA:245,0
DA:247,1
DA:248,1
DA:249,1
DA:250,1
DA:251,1
DA:252,1
DA:253,0
DA:256,1
DA:257,1
DA:259,1
DA:261,1
DA:262,1
DA:263,1
DA:264,1
DA:265,1
DA:266,1
DA:267,1
DA:268,1
DA:269,1
DA:271,1
DA:273,1
DA:274,1
DA:275,1
DA:276,1
DA:277,1
DA:278,1
DA:279,1
DA:280,1
DA:281,1
DA:282,1
DA:284,1
DA:285,1
DA:286,1
DA:287,1
DA:288,0
DA:290,1
DA:291,0
DA:293,1
DA:294,0
DA:296,1
DA:297,1
DA:298,1
DA:299,1
DA:300,1
DA:301,1
DA:302,1
DA:303,1
DA:305,1
DA:306,1
DA:307,1
DA:308,1
DA:309,1
DA:310,1
DA:311,1
DA:312,1
DA:313,1
DA:314,1
DA:315,1
DA:316,0
DA:318,1
DA:319,1
DA:320,1
DA:321,1
DA:322,1
DA:324,1
DA:325,1
DA:326,1
DA:327,1
DA:329,1
DA:330,1
DA:331,1
DA:332,1
DA:333,1
DA:334,1
DA:335,1
DA:336,1
DA:337,1
DA:338,1
DA:339,1
DA:340,1
DA:341,1
DA:343,1
DA:347,1
DA:348,1
DA:349,1
DA:355,0
DA:356,0
DA:357,0
DA:358,0
DA:360,0
DA:364,0
DA:374,0
DA:375,0
DA:377,0
DA:378,0
DA:379,0
DA:380,0
DA:381,0
DA:382,0
DA:384,0
DA:390,0
DA:391,0
DA:392,0
DA:393,0
DA:394,0
DA:395,0
DA:397,0
DA:400,0
DA:404,0
DA:412,0
DA:413,0
DA:415,0
DA:416,0
DA:417,0
DA:423,0
DA:424,0
DA:425,0
DA:426,0
DA:427,0
DA:428,0
DA:430,0
DA:431,0
DA:435,0
DA:443,0
DA:444,0
DA:446,0
DA:447,0
DA:448,0
DA:453,0
DA:454,0
DA:455,0
DA:456,0
DA:457,0
DA:458,0
DA:460,0
DA:461,0
DA:465,0
DA:473,0
DA:474,0
DA:476,0
DA:477,0
DA:478,0
DA:485,1
DA:487,1
DA:488,1
DA:490,0
DA:491,0
DA:493,0
DA:497,0
DA:509,0
DA:510,0
DA:512,0
DA:514,0
DA:515,0
DA:516,0
DA:517,0
DA:518,0
DA:519,0
DA:520,0
DA:521,0
DA:522,0
DA:524,0
DA:527,0
DA:537,0
DA:538,0
DA:540,0
DA:541,0
DA:542,0
DA:551,0
DA:553,0
DA:554,0
DA:556,0
DA:557,0
DA:558,0
DA:560,0
DA:564,0
DA:566,0
DA:567,0
DA:568,0
DA:569,0
DA:570,0
DA:571,0
DA:572,0
DA:576,0
DA:581,0
DA:582,0
DA:584,0
DA:585,0
DA:586,0
DA:587,0
DA:590,0
DA:601,0
DA:602,0
DA:604,0
DA:605,0
DA:606,0
DA:607,0
DA:608,0
DA:609,0
DA:611,0
DA:612,0
DA:614,0
DA:615,0
DA:616,0
DA:619,0
DA:623,1
LF:320
LH:149
BRDA:80,0,0,0
BRDA:80,0,1,0
BRDA:139,1,0,0
BRDA:139,1,1,0
BRDA:145,2,0,0
BRDA:145,2,1,0
BRDA:357,3,0,0
BRDA:357,3,1,0
BRDA:556,4,0,0
BRDA:556,4,1,0
BRDA:557,5,0,0
BRDA:557,5,1,0
BRDA:585,6,0,0
BRDA:585,6,1,0
BRF:14
BRH:0
end_of_record
